usage: run_gen.py [-h] --task
                  {summarize,concode,translate,refine,defect,clone,multi_task}
                  [--sub_task SUB_TASK] [--lang LANG] [--eval_task EVAL_TASK]
                  [--model_type {roberta,bart,codet5}] [--add_lang_ids]
                  [--data_num DATA_NUM] [--start_epoch START_EPOCH]
                  [--num_train_epochs NUM_TRAIN_EPOCHS] [--patience PATIENCE]
                  --cache_path CACHE_PATH --summary_dir SUMMARY_DIR --data_dir
                  DATA_DIR --res_dir RES_DIR [--res_fn RES_FN]
                  [--add_task_prefix] [--save_last_checkpoints]
                  [--always_save_model] [--do_eval_bleu]
                  [--model_name_or_path MODEL_NAME_OR_PATH] --output_dir
                  OUTPUT_DIR [--load_model_path LOAD_MODEL_PATH]
                  [--train_filename TRAIN_FILENAME]
                  [--dev_filename DEV_FILENAME]
                  [--test_filename TEST_FILENAME] [--config_name CONFIG_NAME]
                  [--tokenizer_name TOKENIZER_NAME]
                  [--max_source_length MAX_SOURCE_LENGTH]
                  [--max_target_length MAX_TARGET_LENGTH] [--do_train]
                  [--do_eval] [--do_test] [--do_lower_case] [--no_cuda]
                  [--train_batch_size TRAIN_BATCH_SIZE]
                  [--eval_batch_size EVAL_BATCH_SIZE]
                  [--gradient_accumulation_steps GRADIENT_ACCUMULATION_STEPS]
                  [--learning_rate LEARNING_RATE] [--beam_size BEAM_SIZE]
                  [--weight_decay WEIGHT_DECAY] [--adam_epsilon ADAM_EPSILON]
                  [--max_grad_norm MAX_GRAD_NORM] [--save_steps SAVE_STEPS]
                  [--log_steps LOG_STEPS] [--max_steps MAX_STEPS]
                  [--eval_steps EVAL_STEPS] [--train_steps TRAIN_STEPS]
                  [--warmup_steps WARMUP_STEPS] [--local_rank LOCAL_RANK]
                  [--seed SEED]
run_gen.py: error: unrecognized arguments: 15:22:38/cache_data 15:22:38 15:22:38/prediction
